Change Component Footprint: Designator=J7 Old Footprint=TE USB-C 2129691-1 New Footprint=632723300011
Change Component Footprint: Designator=J8 Old Footprint=TE USB-C 2129691-1 New Footprint=632723300011
Change Component Comment : Designator=J7 Old Comment=USB C New Comment=632723300011
Change Component Comment : Designator=J8 Old Comment=USB C New Comment=632723300011
Change component parameters: Designator = "J7"; Footprint = "632723300011"; UniqueID = "\EXBQJHNO"
Change component parameters. Clean all parameters for all variants
Change component parameters (AddParameter): Name = "ComponentLink1Description"; Value = "Manufacturer"; VariantName = "[No Variations]"
Change component parameters (AddParameter): Name = "ComponentLink1URL"; Value = "http://www.we-online.de"; VariantName = "[No Variations]"
Change component parameters (AddParameter): Name = "ComponentLink2Description"; Value = "Datasheet"; VariantName = "[No Variations]"
Change component parameters (AddParameter): Name = "ComponentLink2URL"; Value = "http://katalog.we-online.de/em/datasheet/632723x00011.pdf"; VariantName = "[No Variations]"
Change component parameters (AddParameter): Name = "Construction"; Value = "THR"; VariantName = "[No Variations]"
Change component parameters (AddParameter): Name = "Gender"; Value = "Receptacle"; VariantName = "[No Variations]"
Change component parameters (AddParameter): Name = "Interface Type"; Value = "Type C"; VariantName = "[No Variations]"
Change component parameters (AddParameter): Name = "Part Number"; Value = "632723300011"; VariantName = "[No Variations]"
Change component parameters (AddParameter): Name = "Published Date"; Value = "April 2017"; VariantName = "[No Variations]"
Change component parameters (AddParameter): Name = "Publisher"; Value = "Wurth Elektronik"; VariantName = "[No Variations]"
Change component parameters (AddParameter): Name = "Sub-Family"; Value = "USB 3.1"; VariantName = "[No Variations]"
Change component parameters (AddParameter): Name = "Type"; Value = "Horizontal"; VariantName = "[No Variations]"
Change component parameters: Designator = "J8"; Footprint = "632723300011"; UniqueID = "\KQTQFIDB"
Change component parameters. Clean all parameters for all variants
Change component parameters (AddParameter): Name = "ComponentLink1Description"; Value = "Manufacturer"; VariantName = "[No Variations]"
Change component parameters (AddParameter): Name = "ComponentLink1URL"; Value = "http://www.we-online.de"; VariantName = "[No Variations]"
Change component parameters (AddParameter): Name = "ComponentLink2Description"; Value = "Datasheet"; VariantName = "[No Variations]"
Change component parameters (AddParameter): Name = "ComponentLink2URL"; Value = "http://katalog.we-online.de/em/datasheet/632723x00011.pdf"; VariantName = "[No Variations]"
Change component parameters (AddParameter): Name = "Construction"; Value = "THR"; VariantName = "[No Variations]"
Change component parameters (AddParameter): Name = "Gender"; Value = "Receptacle"; VariantName = "[No Variations]"
Change component parameters (AddParameter): Name = "Interface Type"; Value = "Type C"; VariantName = "[No Variations]"
Change component parameters (AddParameter): Name = "Part Number"; Value = "632723300011"; VariantName = "[No Variations]"
Change component parameters (AddParameter): Name = "Published Date"; Value = "April 2017"; VariantName = "[No Variations]"
Change component parameters (AddParameter): Name = "Publisher"; Value = "Wurth Elektronik"; VariantName = "[No Variations]"
Change component parameters (AddParameter): Name = "Sub-Family"; Value = "USB 3.1"; VariantName = "[No Variations]"
Change component parameters (AddParameter): Name = "Type"; Value = "Horizontal"; VariantName = "[No Variations]"
