Added Component: Designator=D0(LED-1)
Add component. Clean all parameters for all variants
Add component (AddParameter): Name = "LatestRevisionDate"; Value = "08-Jul-2005"; VariantName = "[No Variations]"
Add component (AddParameter): Name = "LatestRevisionNote"; Value = "Mech Layer 1 removed."; VariantName = "[No Variations]"
Add component (AddParameter): Name = "PackageDescription"; Value = "LED; 2 Leads"; VariantName = "[No Variations]"
Add component (AddParameter): Name = "PackageReference"; Value = "LED-1"; VariantName = "[No Variations]"
Add component (AddParameter): Name = "Published"; Value = "8-Jun-2000"; VariantName = "[No Variations]"
Add component (AddParameter): Name = "Publisher"; Value = "Altium Limited"; VariantName = "[No Variations]"
Added Component: Designator=D1(LED-1)
Add component. Clean all parameters for all variants
Add component (AddParameter): Name = "LatestRevisionDate"; Value = "08-Jul-2005"; VariantName = "[No Variations]"
Add component (AddParameter): Name = "LatestRevisionNote"; Value = "Mech Layer 1 removed."; VariantName = "[No Variations]"
Add component (AddParameter): Name = "PackageDescription"; Value = "LED; 2 Leads"; VariantName = "[No Variations]"
Add component (AddParameter): Name = "PackageReference"; Value = "LED-1"; VariantName = "[No Variations]"
Add component (AddParameter): Name = "Published"; Value = "8-Jun-2000"; VariantName = "[No Variations]"
Add component (AddParameter): Name = "Publisher"; Value = "Altium Limited"; VariantName = "[No Variations]"
Added Component: Designator=J0(TE USB-C 2129691-1)
Add component. Clean all parameters for all variants
Add component (AddParameter): Name = "ComponentLink1Description"; Value = "Datasheet"; VariantName = "[No Variations]"
Add component (AddParameter): Name = "ComponentLink1URL"; Value = "http://media.digikey.com/pdf/Data%20Sheets/Tyco%20Electonics%20AMP%20PDFs/2129691_Dwg.pdf"; VariantName = "[No Variations]"
Add component (AddParameter): Name = "ComponentLink2Description"; Value = "Digi-Key Listing"; VariantName = "[No Variations]"
Add component (AddParameter): Name = "ComponentLink2URL"; Value = "http://www.digikey.ca/product-detail/en/2129691-1/A122008TR-ND/5401336"; VariantName = "[No Variations]"
Add component (AddParameter): Name = "Manufacturer"; Value = "TE Connectivity AMP Connectors"; VariantName = "[No Variations]"
Add component (AddParameter): Name = "Number Of Positions"; Value = "24"; VariantName = "[No Variations]"
Add component (AddParameter): Name = "PartId"; Value = "7863"; VariantName = "[No Variations]"
Add component (AddParameter): Name = "Part Number"; Value = "2129691-1"; VariantName = "[No Variations]"
Add component (AddParameter): Name = "Price"; Value = "2.2088"; VariantName = "[No Variations]"
Add component (AddParameter): Name = "Series"; Value = "USB 3.1, Superspeed+"; VariantName = "[No Variations]"
Add component (AddParameter): Name = "Supplier 1"; Value = "Digi-Key"; VariantName = "[No Variations]"
Add component (AddParameter): Name = "Supplier Part Number 1"; Value = "A122008TR-ND"; VariantName = "[No Variations]"
Add component (AddParameter): Name = "Type"; Value = "USB - C"; VariantName = "[No Variations]"
Added Component: Designator=J1(TE USB-C 2129691-1)
Add component. Clean all parameters for all variants
Add component (AddParameter): Name = "ComponentLink1Description"; Value = "Datasheet"; VariantName = "[No Variations]"
Add component (AddParameter): Name = "ComponentLink1URL"; Value = "http://media.digikey.com/pdf/Data%20Sheets/Tyco%20Electonics%20AMP%20PDFs/2129691_Dwg.pdf"; VariantName = "[No Variations]"
Add component (AddParameter): Name = "ComponentLink2Description"; Value = "Digi-Key Listing"; VariantName = "[No Variations]"
Add component (AddParameter): Name = "ComponentLink2URL"; Value = "http://www.digikey.ca/product-detail/en/2129691-1/A122008TR-ND/5401336"; VariantName = "[No Variations]"
Add component (AddParameter): Name = "Manufacturer"; Value = "TE Connectivity AMP Connectors"; VariantName = "[No Variations]"
Add component (AddParameter): Name = "Number Of Positions"; Value = "24"; VariantName = "[No Variations]"
Add component (AddParameter): Name = "PartId"; Value = "7863"; VariantName = "[No Variations]"
Add component (AddParameter): Name = "Part Number"; Value = "2129691-1"; VariantName = "[No Variations]"
Add component (AddParameter): Name = "Price"; Value = "2.2088"; VariantName = "[No Variations]"
Add component (AddParameter): Name = "Series"; Value = "USB 3.1, Superspeed+"; VariantName = "[No Variations]"
Add component (AddParameter): Name = "Supplier 1"; Value = "Digi-Key"; VariantName = "[No Variations]"
Add component (AddParameter): Name = "Supplier Part Number 1"; Value = "A122008TR-ND"; VariantName = "[No Variations]"
Add component (AddParameter): Name = "Type"; Value = "USB - C"; VariantName = "[No Variations]"
Added Component: Designator=J2(TE 282834-2)
Add component. Clean all parameters for all variants
Add component (AddParameter): Name = "Colour"; Value = "Green"; VariantName = "[No Variations]"
Add component (AddParameter): Name = "ComponentLink1Description"; Value = "Datasheet"; VariantName = "[No Variations]"
Add component (AddParameter): Name = "ComponentLink1URL"; Value = "http://www.te.com/commerce/DocumentDelivery/DDEController?Action=srchrtrv&DocNm=282834&DocType=Customer+Drawing&DocLang=English"; VariantName = "[No Variations]"
Add component (AddParameter): Name = "ComponentLink2Description"; Value = "Digi-Key Listing"; VariantName = "[No Variations]"
Add component (AddParameter): Name = "ComponentLink2URL"; Value = "http://www.digikey.ca/product-detail/en/282834-2/A98333-ND/1150135"; VariantName = "[No Variations]"
Add component (AddParameter): Name = "Manufacturer"; Value = "TE Connectivity AMP Connectors"; VariantName = "[No Variations]"
Add component (AddParameter): Name = "Number Of Levels"; Value = "1"; VariantName = "[No Variations]"
Add component (AddParameter): Name = "Orientation"; Value = "Horizontal with Board"; VariantName = "[No Variations]"
Add component (AddParameter): Name = "PartId"; Value = "9289"; VariantName = "[No Variations]"
Add component (AddParameter): Name = "Part Number"; Value = "282834-2"; VariantName = "[No Variations]"
Add component (AddParameter): Name = "Pitch"; Value = "0.100" (2.54mm)"; VariantName = "[No Variations]"
Add component (AddParameter): Name = "Positions Per Level"; Value = "2"; VariantName = "[No Variations]"
Add component (AddParameter): Name = "Price"; Value = "1.3"; VariantName = "[No Variations]"
Add component (AddParameter): Name = "Supplier 1"; Value = "Digi-Key"; VariantName = "[No Variations]"
Add component (AddParameter): Name = "Supplier Part Number 1"; Value = "A98333-ND"; VariantName = "[No Variations]"
Add component (AddParameter): Name = "TemperatureRange"; Value = "-40C ~ 105C"; VariantName = "[No Variations]"
Add component (AddParameter): Name = "Voltage"; Value = "150V"; VariantName = "[No Variations]"
Added Component: Designator=J3(TE 282834-4)
Add component. Clean all parameters for all variants
Add component (AddParameter): Name = "Colour"; Value = "Green"; VariantName = "[No Variations]"
Add component (AddParameter): Name = "ComponentLink1Description"; Value = "Datasheet"; VariantName = "[No Variations]"
Add component (AddParameter): Name = "ComponentLink1URL"; Value = "http://www.te.com/commerce/DocumentDelivery/DDEController?Action=srchrtrv&DocNm=282834&DocType=Customer+Drawing&DocLang=English"; VariantName = "[No Variations]"
Add component (AddParameter): Name = "ComponentLink2Description"; Value = "Digi-Key Listing"; VariantName = "[No Variations]"
Add component (AddParameter): Name = "ComponentLink2URL"; Value = "http://www.digikey.ca/product-detail/en/282834-4/A98335-ND/1153265"; VariantName = "[No Variations]"
Add component (AddParameter): Name = "Manufacturer"; Value = "TE Connectivity AMP Connectors"; VariantName = "[No Variations]"
Add component (AddParameter): Name = "Number Of Levels"; Value = "1"; VariantName = "[No Variations]"
Add component (AddParameter): Name = "Orientation"; Value = "Horizontal with Board"; VariantName = "[No Variations]"
Add component (AddParameter): Name = "PartId"; Value = "9291"; VariantName = "[No Variations]"
Add component (AddParameter): Name = "Part Number"; Value = "282834-4"; VariantName = "[No Variations]"
Add component (AddParameter): Name = "Pitch"; Value = "0.100" (2.54mm)"; VariantName = "[No Variations]"
Add component (AddParameter): Name = "Positions Per Level"; Value = "4"; VariantName = "[No Variations]"
Add component (AddParameter): Name = "Price"; Value = "3.34"; VariantName = "[No Variations]"
Add component (AddParameter): Name = "Supplier 1"; Value = "Digi-Key"; VariantName = "[No Variations]"
Add component (AddParameter): Name = "Supplier Part Number 1"; Value = "A98335-ND"; VariantName = "[No Variations]"
Add component (AddParameter): Name = "TemperatureRange"; Value = "-40C ~ 105C"; VariantName = "[No Variations]"
Add component (AddParameter): Name = "Voltage"; Value = "150V"; VariantName = "[No Variations]"
Added Component: Designator=J4(HDR1X14)
Add component. Clean all parameters for all variants
Add component (AddParameter): Name = "LatestRevisionDate"; Value = "17-Jul-2002"; VariantName = "[No Variations]"
Add component (AddParameter): Name = "LatestRevisionNote"; Value = "Re-released for DXP Platform."; VariantName = "[No Variations]"
Add component (AddParameter): Name = "Publisher"; Value = "Altium Limited"; VariantName = "[No Variations]"
Added Component: Designator=J5(HDR1X14)
Add component. Clean all parameters for all variants
Add component (AddParameter): Name = "LatestRevisionDate"; Value = "17-Jul-2002"; VariantName = "[No Variations]"
Add component (AddParameter): Name = "LatestRevisionNote"; Value = "Re-released for DXP Platform."; VariantName = "[No Variations]"
Add component (AddParameter): Name = "Publisher"; Value = "Altium Limited"; VariantName = "[No Variations]"
Added Component: Designator=R0(AXIAL-0.3)
Add component. Clean all parameters for all variants
Add component (AddParameter): Name = "LatestRevisionDate"; Value = "17-Jul-2002"; VariantName = "[No Variations]"
Add component (AddParameter): Name = "LatestRevisionNote"; Value = "Re-released for DXP Platform."; VariantName = "[No Variations]"
Add component (AddParameter): Name = "PackageDescription"; Value = "Axial Device, Thru-Hole; 2 Leads; 0.3 in Pin Spacing"; VariantName = "[No Variations]"
Add component (AddParameter): Name = "PackageReference"; Value = "AXIAL-0.3"; VariantName = "[No Variations]"
Add component (AddParameter): Name = "Published"; Value = "8-Jun-2000"; VariantName = "[No Variations]"
Add component (AddParameter): Name = "Publisher"; Value = "Altium Limited"; VariantName = "[No Variations]"
Add component (AddParameter): Name = "Value"; Value = "1K"; VariantName = "[No Variations]"
Added Component: Designator=R1(AXIAL-0.3)
Add component. Clean all parameters for all variants
Add component (AddParameter): Name = "LatestRevisionDate"; Value = "17-Jul-2002"; VariantName = "[No Variations]"
Add component (AddParameter): Name = "LatestRevisionNote"; Value = "Re-released for DXP Platform."; VariantName = "[No Variations]"
Add component (AddParameter): Name = "PackageDescription"; Value = "Axial Device, Thru-Hole; 2 Leads; 0.3 in Pin Spacing"; VariantName = "[No Variations]"
Add component (AddParameter): Name = "PackageReference"; Value = "AXIAL-0.3"; VariantName = "[No Variations]"
Add component (AddParameter): Name = "Published"; Value = "8-Jun-2000"; VariantName = "[No Variations]"
Add component (AddParameter): Name = "Publisher"; Value = "Altium Limited"; VariantName = "[No Variations]"
Add component (AddParameter): Name = "Value"; Value = "1K"; VariantName = "[No Variations]"
Added Component: Designator=R2(AXIAL-0.3)
Add component. Clean all parameters for all variants
Add component (AddParameter): Name = "LatestRevisionDate"; Value = "17-Jul-2002"; VariantName = "[No Variations]"
Add component (AddParameter): Name = "LatestRevisionNote"; Value = "Re-released for DXP Platform."; VariantName = "[No Variations]"
Add component (AddParameter): Name = "PackageDescription"; Value = "Axial Device, Thru-Hole; 2 Leads; 0.3 in Pin Spacing"; VariantName = "[No Variations]"
Add component (AddParameter): Name = "PackageReference"; Value = "AXIAL-0.3"; VariantName = "[No Variations]"
Add component (AddParameter): Name = "Published"; Value = "8-Jun-2000"; VariantName = "[No Variations]"
Add component (AddParameter): Name = "Publisher"; Value = "Altium Limited"; VariantName = "[No Variations]"
Add component (AddParameter): Name = "Value"; Value = "1K"; VariantName = "[No Variations]"
Added Pin To Net: NetName=+5 Pin=J0-B2
Added Pin To Net: NetName=+5 Pin=J0-B3
Added Pin To Net: NetName=+5 Pin=J1-B2
Added Pin To Net: NetName=+5 Pin=J1-B3
Added Pin To Net: NetName=+5 Pin=J2-1
Added Pin To Net: NetName=+5 Pin=J3-1
Added Pin To Net: NetName=+5 Pin=J3-3
Added Pin To Net: NetName=+5 Pin=J4-1
Added Pin To Net: NetName=+5 Pin=J4-3
Added Pin To Net: NetName=+5 Pin=J5-1
Added Pin To Net: NetName=+5 Pin=J5-3
Added Net: Name=+5
Added Pin To Net: NetName=+12 Pin=J0-B5
Added Pin To Net: NetName=+12 Pin=J0-B8
Added Pin To Net: NetName=+12 Pin=J1-B5
Added Pin To Net: NetName=+12 Pin=J1-B8
Added Net: Name=+12
Added Pin To Net: NetName=A1 Pin=J5-2
Added Net: Name=A1
Added Pin To Net: NetName=A2 Pin=J5-4
Added Net: Name=A2
Added Pin To Net: NetName=A3 Pin=J5-6
Added Net: Name=A3
Added Pin To Net: NetName=A4 Pin=J4-6
Added Pin To Net: NetName=A4 Pin=J5-8
Added Net: Name=A4
Added Pin To Net: NetName=A5 Pin=J5-6
Added Pin To Net: NetName=A5 Pin=J5-10
Added Net: Name=A5
Added Pin To Net: NetName=A6 Pin=J4-10
Added Net: Name=A6
Added Pin To Net: NetName=B1 Pin=J5-3
Added Net: Name=B1
Added Pin To Net: NetName=B2 Pin=J5-5
Added Net: Name=B2
Added Pin To Net: NetName=B3 Pin=J5-7
Added Net: Name=B3
Added Pin To Net: NetName=B4 Pin=J4-5
Added Pin To Net: NetName=B4 Pin=J5-9
Added Net: Name=B4
Added Pin To Net: NetName=B5 Pin=J5-5
Added Pin To Net: NetName=B5 Pin=J5-11
Added Net: Name=B5
Added Pin To Net: NetName=B6 Pin=J4-9
Added Net: Name=B6
Added Pin To Net: NetName=GND Pin=D0-2
Added Pin To Net: NetName=GND Pin=D1-2
Added Pin To Net: NetName=GND Pin=J0-A1
Added Pin To Net: NetName=GND Pin=J0-A12
Added Pin To Net: NetName=GND Pin=J0-B1
Added Pin To Net: NetName=GND Pin=J0-B12
Added Pin To Net: NetName=GND Pin=J1-A1
Added Pin To Net: NetName=GND Pin=J1-A12
Added Pin To Net: NetName=GND Pin=J1-B1
Added Pin To Net: NetName=GND Pin=J1-B12
Added Pin To Net: NetName=GND Pin=J2-2
Added Pin To Net: NetName=GND Pin=J3-2
Added Pin To Net: NetName=GND Pin=J3-3
Added Pin To Net: NetName=GND Pin=J3-4
Added Pin To Net: NetName=GND Pin=J4-1
Added Pin To Net: NetName=GND Pin=J4-2
Added Pin To Net: NetName=GND Pin=J4-4
Added Pin To Net: NetName=GND Pin=J5-2
Added Pin To Net: NetName=GND Pin=J5-4
Added Pin To Net: NetName=GND Pin=J5-13
Added Pin To Net: NetName=GND Pin=R2-2
Added Net: Name=GND
Added Pin To Net: NetName=NetD0_1 Pin=D0-1
Added Pin To Net: NetName=NetD0_1 Pin=R0-2
Added Net: Name=NetD0_1
Added Pin To Net: NetName=NetD1_1 Pin=D1-1
Added Pin To Net: NetName=NetD1_1 Pin=R1-2
Added Net: Name=NetD1_1
Added Pin To Net: NetName=NetIC0_1 Pin=J4-5
Added Net: Name=NetIC0_1
Added Pin To Net: NetName=NetIC0_4 Pin=J4-6
Added Net: Name=NetIC0_4
Added Pin To Net: NetName=NetIC0_6 Pin=J0-B11
Added Pin To Net: NetName=NetIC0_6 Pin=J1-B11
Added Pin To Net: NetName=NetIC0_6 Pin=J2-1
Added Pin To Net: NetName=NetIC0_6 Pin=J3-1
Added Net: Name=NetIC0_6
Added Pin To Net: NetName=NetIC0_7 Pin=J0-B10
Added Pin To Net: NetName=NetIC0_7 Pin=J1-B10
Added Pin To Net: NetName=NetIC0_7 Pin=J2-2
Added Pin To Net: NetName=NetIC0_7 Pin=J3-2
Added Net: Name=NetIC0_7
Added Pin To Net: NetName=NetIC0_8 Pin=R2-1
Added Net: Name=NetIC0_8
Added Pin To Net: NetName=NetJ4_7 Pin=J4-7
Added Pin To Net: NetName=NetJ4_7 Pin=R0-1
Added Net: Name=NetJ4_7
Added Pin To Net: NetName=NetJ4_8 Pin=J4-8
Added Pin To Net: NetName=NetJ4_8 Pin=R1-1
Added Net: Name=NetJ4_8
Added Pin To Net: NetName=PWM 2 Pin=J4-11
Added Net: Name=PWM 2
Added Pin To Net: NetName=RX1 Pin=J4-2
Added Net: Name=RX1
Added Pin To Net: NetName=TX1 Pin=J4-3
Added Net: Name=TX1
Added Pin To Net: NetName=VCC Pin=J3-4
Added Pin To Net: NetName=VCC Pin=J5-14
Added Net: Name=VCC
Added Class: Name=SensorBoardSchematic
Added Class: Name=Sensor Input
Added Room: Name=SensorBoardSchematic
Added Room: Name=Sensor Input
